<?xml version="1.0" encoding="UTF-8"?>
<!-- Generated by org.testng.reporters.JUnitXMLReporter -->
<testsuite hostname="HP" ignored="0" name="Test" tests="3" failures="0" timestamp="29 Jul 2018 07:01:28 GMT" time="92.926" errors="0">
  <testcase name="createLead" time="9.206" classname="week6.day2.CreateLeadNeg"/>
  <testcase name="createLead" time="8.904" classname="week6.day2.CreateLeadNeg"/>
  <testcase name="createLead" time="10.609" classname="week6.day2.CreateLeadNeg"/>
</testsuite> <!-- Test -->
